
**************************************************************
 Geant4 version Name: geant4-11-04 [MT]   (5-December-2025)
  << in Multi-threaded mode >> 
                       Copyright : Geant4 Collaboration
                      References : NIM A 506 (2003), 250-303
                                 : IEEE-TNS 53 (2006), 270-278
                                 : NIM A 835 (2016), 186-225
                             WWW : http://geant4.org/
**************************************************************

Accumulable registered as "NEndLeft"
Accumulable registered as "NEndRight"
Accumulable registered as "NTop"
Accumulable registered as "NEventsWithHits"
Accumulable registered as "NScintPhotons"
Checking overlaps for volume BarPV:0 (G4Box) ... OK! 
Checking overlaps for volume EndSiPMLeft_PV:0 (G4Box) ... OK! 
Checking overlaps for volume EndSiPMRight_PV:8 (G4Box) ... OK! 
Checking overlaps for volume EndSiPMLeft_PV:1 (G4Box) ... OK! 
Checking overlaps for volume EndSiPMRight_PV:9 (G4Box) ... OK! 
Checking overlaps for volume EndSiPMLeft_PV:2 (G4Box) ... OK! 
Checking overlaps for volume EndSiPMRight_PV:10 (G4Box) ... OK! 
Checking overlaps for volume EndSiPMLeft_PV:3 (G4Box) ... OK! 
Checking overlaps for volume EndSiPMRight_PV:11 (G4Box) ... OK! 
Checking overlaps for volume EndSiPMLeft_PV:4 (G4Box) ... OK! 
Checking overlaps for volume EndSiPMRight_PV:12 (G4Box) ... OK! 
Checking overlaps for volume EndSiPMLeft_PV:5 (G4Box) ... OK! 
Checking overlaps for volume EndSiPMRight_PV:13 (G4Box) ... OK! 
Checking overlaps for volume EndSiPMLeft_PV:6 (G4Box) ... OK! 
Checking overlaps for volume EndSiPMRight_PV:14 (G4Box) ... OK! 
Checking overlaps for volume EndSiPMLeft_PV:7 (G4Box) ... OK! 
Checking overlaps for volume EndSiPMRight_PV:15 (G4Box) ... OK! 
Checking overlaps for volume TopSiPMPV:16 (G4Box) ... OK! 
Checking overlaps for volume TopSiPMPV:17 (G4Box) ... OK! 
Checking overlaps for volume TopSiPMPV:18 (G4Box) ... OK! 
Checking overlaps for volume TopSiPMPV:19 (G4Box) ... OK! 
Checking overlaps for volume TopSiPMPV:20 (G4Box) ... OK! 
Checking overlaps for volume TopSiPMPV:21 (G4Box) ... OK! 
Checking overlaps for volume TopSiPMPV:22 (G4Box) ... OK! 
Checking overlaps for volume TopSiPMPV:23 (G4Box) ... OK! 
Checking overlaps for volume TopSiPMPV:24 (G4Box) ... OK! 
Checking overlaps for volume TopSiPMPV:25 (G4Box) ... OK! 
Checking overlaps for volume TopSiPMPV:26 (G4Box) ... OK! 
Checking overlaps for volume TopSiPMPV:27 (G4Box) ... OK! 
Checking overlaps for volume TopSiPMPV:28 (G4Box) ... OK! 
Checking overlaps for volume TopSiPMPV:29 (G4Box) ... OK! 
Checking overlaps for volume TopSiPMPV:30 (G4Box) ... OK! 
Checking overlaps for volume TopSiPMPV:31 (G4Box) ... OK! 
Checking overlaps for volume TopSiPMPV:32 (G4Box) ... OK! 
Checking overlaps for volume TopSiPMPV:33 (G4Box) ... OK! 
Checking overlaps for volume TopSiPMPV:34 (G4Box) ... OK! 
Checking overlaps for volume TopSiPMPV:35 (G4Box) ... OK! 
### Birks coefficients used in run time
G4WT4 > Accumulable registered as "NEndLeft"
G4WT4 > Accumulable registered as "NEndRight"
G4WT4 > Accumulable registered as "NTop"
G4WT4 > Accumulable registered as "NEventsWithHits"
G4WT4 > Accumulable registered as "NScintPhotons"
G4WT8 > Accumulable registered as "NEndLeft"
G4WT8 > Accumulable registered as "NEndRight"
G4WT8 > Accumulable registered as "NTop"
G4WT8 > Accumulable registered as "NEventsWithHits"
G4WT8 > Accumulable registered as "NScintPhotons"
G4WT7 > Accumulable registered as "NEndLeft"
G4WT7 > Accumulable registered as "NEndRight"
G4WT7 > Accumulable registered as "NTop"
G4WT7 > Accumulable registered as "NEventsWithHits"
G4WT13 > Accumulable registered as "NEndLeft"
G4WT9 > Accumulable registered as "NEndLeft"
G4WT3 > Accumulable registered as "NEndLeft"
G4WT15 > Accumulable registered as "NEndLeft"
G4WT2 > Accumulable registered as "NEndLeft"
G4WT2 > Accumulable registered as "NEndRight"
G4WT2 > Accumulable registered as "NTop"
G4WT5 > Accumulable registered as "NEndLeft"
G4WT5 > Accumulable registered as "NEndRight"
G4WT12 > Accumulable registered as "NEndLeft"
G4WT11 > Accumulable registered as "NEndLeft"
G4WT0 > Accumulable registered as "NEndLeft"
G4WT0 > Accumulable registered as "NEndRight"
G4WT0 > Accumulable registered as "NTop"
G4WT0 > Accumulable registered as "NEventsWithHits"
G4WT0 > Accumulable registered as "NScintPhotons"
G4WT3 > Accumulable registered as "NEndRight"
G4WT15 > Accumulable registered as "NEndRight"
G4WT15 > Accumulable registered as "NTop"
G4WT15 > Accumulable registered as "NEventsWithHits"
G4WT2 > Accumulable registered as "NEventsWithHits"
G4WT2 > Accumulable registered as "NScintPhotons"
G4WT5 > Accumulable registered as "NTop"
G4WT12 > Accumulable registered as "NEndRight"
G4WT11 > Accumulable registered as "NEndRight"
G4WT11 > Accumulable registered as "NTop"
G4WT7 > Accumulable registered as "NScintPhotons"
G4WT13 > Accumulable registered as "NEndRight"
G4WT13 > Accumulable registered as "NTop"
G4WT3 > Accumulable registered as "NTop"
G4WT1 > Accumulable registered as "NEndLeft"
G4WT1 > Accumulable registered as "NEndRight"
G4WT1 > Accumulable registered as "NTop"
G4WT1 > Accumulable registered as "NEventsWithHits"
G4WT1 > Accumulable registered as "NScintPhotons"
G4WT12 > Accumulable registered as "NTop"
G4WT12 > Accumulable registered as "NEventsWithHits"
G4WT11 > Accumulable registered as "NEventsWithHits"
G4WT9 > Accumulable registered as "NEndRight"
G4WT13 > Accumulable registered as "NEventsWithHits"
G4WT13 > Accumulable registered as "NScintPhotons"
G4WT10 > Accumulable registered as "NEndLeft"
G4WT15 > Accumulable registered as "NScintPhotons"
G4WT6 > Accumulable registered as "NEndLeft"
G4WT5 > Accumulable registered as "NEventsWithHits"
G4WT14 > Accumulable registered as "NEndLeft"
G4WT12 > Accumulable registered as "NScintPhotons"
G4WT11 > Accumulable registered as "NScintPhotons"
G4WT9 > Accumulable registered as "NTop"
G4WT3 > Accumulable registered as "NEventsWithHits"
G4WT10 > Accumulable registered as "NEndRight"
G4WT6 > Accumulable registered as "NEndRight"
G4WT5 > Accumulable registered as "NScintPhotons"
G4WT14 > Accumulable registered as "NEndRight"
G4WT14 > Accumulable registered as "NTop"
G4WT3 > Accumulable registered as "NScintPhotons"
G4WT10 > Accumulable registered as "NTop"
G4WT10 > Accumulable registered as "NEventsWithHits"
G4WT10 > Accumulable registered as "NScintPhotons"
G4WT14 > Accumulable registered as "NEventsWithHits"
G4WT14 > Accumulable registered as "NScintPhotons"
G4WT9 > Accumulable registered as "NEventsWithHits"
G4WT9 > Accumulable registered as "NScintPhotons"
G4WT6 > Accumulable registered as "NTop"
G4WT6 > Accumulable registered as "NEventsWithHits"
G4WT6 > Accumulable registered as "NScintPhotons"

-------- WWWW ------- G4Exception-START -------- WWWW -------
*** G4Exception : Run10035
      issued by : G4TaskRunManager::InitializeEventLoop()
Event modulo is reduced to 1 (was 3) to distribute events to all threads.
*** This is just a warning message. ***
-------- WWWW -------- G4Exception-END --------- WWWW -------


-------- WWWW ------- G4Exception-START -------- WWWW -------
*** G4Exception : Run10035
      issued by : G4TaskRunManager::InitializeEventLoop()
Event modulo is reduced to 1 (was 3) to distribute events to all threads.
*** This is just a warning message. ***
-------- WWWW -------- G4Exception-END --------- WWWW -------

G4WT0 > 
=== EJ-200 Bar Run Summary ===
  Run ID                : 0
  Events run            : 1
  Events with ≥1 hit    : 0
  End-left  photons     : 0
  End-right photons     : 0
  Top SiPM  photons     : 0
  Scint photons generated: 0
  Total photons detected : 0
  Detection efficiency   : 0.0000 %
  ROOT output           : photon_hits_run000.root
==============================

G4WT6 > 
=== EJ-200 Bar Run Summary ===
  Run ID                : 0
  Events run            : 1
  Events with ≥1 hit    : 0
  End-left  photons     : 0
  End-right photons     : 0
  Top SiPM  photons     : 0
  Scint photons generated: 0
  Total photons detected : 0
  Detection efficiency   : 0.0000 %
  ROOT output           : photon_hits_run000.root
==============================

G4WT10 > 
=== EJ-200 Bar Run Summary ===
  Run ID                : 0
  Events run            : 1
  Events with ≥1 hit    : 0
  End-left  photons     : 0
  End-right photons     : 0
  Top SiPM  photons     : 0
  Scint photons generated: 0
  Total photons detected : 0
  Detection efficiency   : 0.0000 %
  ROOT output           : photon_hits_run000.root
==============================

G4WT3 > 
=== EJ-200 Bar Run Summary ===
  Run ID                : 0
  Events run            : 1
  Events with ≥1 hit    : 0
  End-left  photons     : 0
  End-right photons     : 0
  Top SiPM  photons     : 0
  Scint photons generated: 0
  Total photons detected : 0
  Detection efficiency   : 0.0000 %
  ROOT output           : photon_hits_run000.root
==============================

G4WT15 > 
=== EJ-200 Bar Run Summary ===
  Run ID                : 0
  Events run            : 1
  Events with ≥1 hit    : 0
  End-left  photons     : 0
  End-right photons     : 0
  Top SiPM  photons     : 0
  Scint photons generated: 0
  Total photons detected : 0
  Detection efficiency   : 0.0000 %
  ROOT output           : photon_hits_run000.root
==============================

G4WT14 > 
=== EJ-200 Bar Run Summary ===
  Run ID                : 0
  Events run            : 1
  Events with ≥1 hit    : 0
  End-left  photons     : 0
  End-right photons     : 0
  Top SiPM  photons     : 0
  Scint photons generated: 0
  Total photons detected : 0
  Detection efficiency   : 0.0000 %
  ROOT output           : photon_hits_run000.root
==============================

G4WT5 > 
=== EJ-200 Bar Run Summary ===
  Run ID                : 0
  Events run            : 1
  Events with ≥1 hit    : 0
  End-left  photons     : 0
  End-right photons     : 0
  Top SiPM  photons     : 0
  Scint photons generated: 0
  Total photons detected : 0
  Detection efficiency   : 0.0000 %
  ROOT output           : photon_hits_run000.root
==============================

G4WT11 > 
=== EJ-200 Bar Run Summary ===
  Run ID                : 0
  Events run            : 1
  Events with ≥1 hit    : 0
  End-left  photons     : 0
  End-right photons     : 0
  Top SiPM  photons     : 0
  Scint photons generated: 0
  Total photons detected : 0
  Detection efficiency   : 0.0000 %
  ROOT output           : photon_hits_run000.root
==============================

G4WT9 > 
=== EJ-200 Bar Run Summary ===
  Run ID                : 0
  Events run            : 1
  Events with ≥1 hit    : 0
  End-left  photons     : 0
  End-right photons     : 0
  Top SiPM  photons     : 0
  Scint photons generated: 0
  Total photons detected : 0
  Detection efficiency   : 0.0000 %
  ROOT output           : photon_hits_run000.root
==============================

G4WT2 > 
=== EJ-200 Bar Run Summary ===
  Run ID                : 0
  Events run            : 1
  Events with ≥1 hit    : 0
  End-left  photons     : 0
  End-right photons     : 0
  Top SiPM  photons     : 0
  Scint photons generated: 0
  Total photons detected : 0
  Detection efficiency   : 0.0000 %
  ROOT output           : photon_hits_run000.root
==============================


=== EJ-200 Bar Run Summary ===
  Run ID                : 0
  Events run            : 10
  Events with ≥1 hit    : 0
  End-left  photons     : 0
  End-right photons     : 0
  Top SiPM  photons     : 0
  Scint photons generated: 0
  Total photons detected : 0
  Detection efficiency   : 0.0000 %
  ROOT output           : photon_hits_run000.root
==============================


=== Boundary Census (diagnostic) ===
  Bar -> reflector panel   : 0
  Bar -> World (escaped)   : 0
  Bar -> Bar (TIR/refl)    : 0
  Bar -> SiPM (entering)   : 0
  Killed in WorldLV        : 0
====================================

